Initialize language server at  file:///home/ykhi/projects/noodlecount
Initialize new ts service at  /home/ykhi/projects/noodlecount/tsconfig.json
Trying to load configs for /home/ykhi/projects/noodlecount
Loaded config at  /home/ykhi/projects/noodlecount/svelte.config.js
SnapshotManager File Statistics:
Project files: 29
Svelte files: 15
From node_modules: 0
Total: 29
Using Svelte v3.46.2 from /home/ykhi/projects/noodlecount/node_modules/svelte/compiler
Using Svelte v3.46.2 from /home/ykhi/projects/noodlecount/node_modules/svelte/compiler
Using Svelte v3.46.2 from /home/ykhi/projects/noodlecount/node_modules/svelte/compiler
Using Svelte v3.46.2 from /home/ykhi/projects/noodlecount/node_modules/svelte/compiler
Using Svelte v3.46.2 from /home/ykhi/projects/noodlecount/node_modules/svelte/compiler
Using Svelte v3.46.2 from /home/ykhi/projects/noodlecount/node_modules/svelte/compiler
Using Svelte v3.46.2 from /home/ykhi/projects/noodlecount/node_modules/svelte/compiler
Using Svelte v3.46.2 from /home/ykhi/projects/noodlecount/node_modules/svelte/compiler
Using Svelte v3.46.2 from /home/ykhi/projects/noodlecount/node_modules/svelte/compiler
Using Svelte v3.46.2 from /home/ykhi/projects/noodlecount/node_modules/svelte/compiler
Using Svelte v3.46.2 from /home/ykhi/projects/noodlecount/node_modules/svelte/compiler
Using Svelte v3.46.2 from /home/ykhi/projects/noodlecount/node_modules/svelte/compiler
