Validating found git in: git
Using git 2.25.1 from git
Opening repository for path='/home/ykhi/projects/noodleX' failed; ex=Failed to execute git {
  "exitCode": 128,
  "gitErrorCode": "NotAGitRepository",
  "gitCommand": "rev-parse",
  "stdout": "",
  "stderr": "fatal: not a git repository (or any of the parent directories): .git\n"
}
Opening repository for path='/home/ykhi/projects/noodleX/.eslintrc.cjs' failed; ex=Error: spawn ENOTDIR
Opening repository for path='/home/ykhi/projects/noodleX/.gitignore' failed; ex=Error: spawn ENOTDIR
Opening repository for path='/home/ykhi/projects/noodleX/.npmrc' failed; ex=Error: spawn ENOTDIR
Opening repository for path='/home/ykhi/projects/noodleX/.prettierrc' failed; ex=Error: spawn ENOTDIR
Opening repository for path='/home/ykhi/projects/noodleX/README.md' failed; ex=Error: spawn ENOTDIR
Opening repository for path='/home/ykhi/projects/noodleX/package-lock.json' failed; ex=Error: spawn ENOTDIR
Opening repository for path='/home/ykhi/projects/noodleX/package.json' failed; ex=Error: spawn ENOTDIR
Opening repository for path='/home/ykhi/projects/noodleX/postcss.config.cjs' failed; ex=Error: spawn ENOTDIR
Opening repository for path='/home/ykhi/projects/noodleX/src' failed; ex=Failed to execute git {
  "exitCode": 128,
  "gitErrorCode": "NotAGitRepository",
  "gitCommand": "rev-parse",
  "stdout": "",
  "stderr": "fatal: not a git repository (or any of the parent directories): .git\n"
}
Opening repository for path='/home/ykhi/projects/noodleX/static' failed; ex=Failed to execute git {
  "exitCode": 128,
  "gitErrorCode": "NotAGitRepository",
  "gitCommand": "rev-parse",
  "stdout": "",
  "stderr": "fatal: not a git repository (or any of the parent directories): .git\n"
}
Opening repository for path='/home/ykhi/projects/noodleX/svelte.config.js' failed; ex=Error: spawn ENOTDIR
Opening repository for path='/home/ykhi/projects/noodleX/tailwind.config.cjs' failed; ex=Error: spawn ENOTDIR
Opening repository for path='/home/ykhi/projects/noodleX/tsconfig.json' failed; ex=Error: spawn ENOTDIR
Opening repository for path='/home/ykhi/projects/noodleX/src' failed; ex=Failed to execute git {
  "exitCode": 128,
  "gitErrorCode": "NotAGitRepository",
  "gitCommand": "rev-parse",
  "stdout": "",
  "stderr": "fatal: not a git repository (or any of the parent directories): .git\n"
}
Opening repository for path='/home/ykhi/projects/noodleX/src/types' failed; ex=Failed to execute git {
  "exitCode": 128,
  "gitErrorCode": "NotAGitRepository",
  "gitCommand": "rev-parse",
  "stdout": "",
  "stderr": "fatal: not a git repository (or any of the parent directories): .git\n"
}
Opening repository for path='/home/ykhi/projects/noodleX' failed; ex=Failed to execute git {
  "exitCode": 128,
  "gitErrorCode": "NotAGitRepository",
  "gitCommand": "rev-parse",
  "stdout": "",
  "stderr": "fatal: not a git repository (or any of the parent directories): .git\n"
}
Opening repository for path='/home/ykhi/projects/noodleX/src/routes' failed; ex=Failed to execute git {
  "exitCode": 128,
  "gitErrorCode": "NotAGitRepository",
  "gitCommand": "rev-parse",
  "stdout": "",
  "stderr": "fatal: not a git repository (or any of the parent directories): .git\n"
}
Opening repository for path='/home/ykhi/projects/noodleX' failed; ex=Failed to execute git {
  "exitCode": 128,
  "gitErrorCode": "NotAGitRepository",
  "gitCommand": "rev-parse",
  "stdout": "",
  "stderr": "fatal: not a git repository (or any of the parent directories): .git\n"
}
Opening repository for path='/home/ykhi/projects/noodleX/src/routes' failed; ex=Failed to execute git {
  "exitCode": 128,
  "gitErrorCode": "NotAGitRepository",
  "gitCommand": "rev-parse",
  "stdout": "",
  "stderr": "fatal: not a git repository (or any of the parent directories): .git\n"
}
Opening repository for path='/home/ykhi/projects/noodleX' failed; ex=Failed to execute git {
  "exitCode": 128,
  "gitErrorCode": "NotAGitRepository",
  "gitCommand": "rev-parse",
  "stdout": "",
  "stderr": "fatal: not a git repository (or any of the parent directories): .git\n"
}
