[Info  - 23:07:03.955] Reading sessions from keychain...
[Info  - 23:07:03.971] Getting sessions for user:email...
[Info  - 23:07:03.971] Getting sessions for all scopes...
[Info  - 23:07:03.971] Got 0 sessions for user:email...
[Info  - 23:07:03.971] Got 0 sessions for all scopes...
[Info  - 23:08:04.776] Getting sessions for user:email...
[Info  - 23:08:04.777] Got 0 sessions for user:email...
[Info  - 23:08:06.866] Logging in for the following scopes: user:email
[Trace  - 23:08:42.476] Handling Uri...
[Info  - 23:08:42.477] Exchanging code for token...
[Info  - 23:08:43.154] Token exchange success!
[Info  - 23:08:43.155] Getting user info...
[Info  - 23:08:43.461] Got account info!
[Info  - 23:08:43.462] Storing 1 sessions...
[Info  - 23:08:43.499] Reading sessions from keychain...
[Info  - 23:08:43.499] Stored 1 sessions!
[Info  - 23:08:43.500] Login success!
[Info  - 23:08:43.511] Getting sessions for user:email...
[Info  - 23:08:43.511] Getting sessions for user:email...
[Trace  - 23:08:43.511] Token acquired from secret storage.
[Info  - 23:08:43.511] Got stored sessions!
[Trace  - 23:08:43.511] Read the following session from the keychain with the following scopes: user:email
[Info  - 23:08:43.512] Got 1 verified sessions.
[Info  - 23:08:43.512] Got 1 sessions for user:email...
[Info  - 23:08:43.512] Got 1 sessions for user:email...
