[2022-01-25 12:42:41.787] [exthost] [info] Extension host with pid 16582 started
[2022-01-25 12:42:41.787] [exthost] [info] Skipping acquiring lock for /home/ykhi/.config/Code/User/workspaceStorage/2cb298b51a125bb95b28d13c4f8a6158.
[2022-01-25 12:42:41.856] [exthost] [info] ExtensionService#_doActivateExtension vscode.microsoft-authentication, startup: false, activationEvent: 'onAuthenticationRequest:microsoft'
[2022-01-25 12:42:41.864] [exthost] [info] ExtensionService#_doActivateExtension svelte.svelte-vscode, startup: false, activationEvent: 'onLanguage:svelte'
[2022-01-25 12:42:41.999] [exthost] [info] ExtensionService#_doActivateExtension vscode.debug-auto-launch, startup: true, activationEvent: '*'
[2022-01-25 12:42:42.003] [exthost] [info] ExtensionService#_doActivateExtension vscode.git-base, startup: true, activationEvent: '*', root cause: vscode.github
[2022-01-25 12:42:42.006] [exthost] [info] ExtensionService#_doActivateExtension ecmel.vscode-html-css, startup: true, activationEvent: '*'
[2022-01-25 12:42:42.024] [exthost] [info] ExtensionService#_doActivateExtension vscode.npm, startup: true, activationEvent: 'workspaceContains:package.json'
[2022-01-25 12:42:42.302] [exthost] [info] ExtensionService#_doActivateExtension vscode.git, startup: true, activationEvent: '*'
[2022-01-25 12:42:42.322] [exthost] [info] ExtensionService#_doActivateExtension vscode.github, startup: true, activationEvent: '*'
[2022-01-25 12:42:42.366] [exthost] [info] Eager extensions activated
[2022-01-25 12:42:42.386] [exthost] [info] ExtensionService#_doActivateExtension vscode.github-authentication, startup: false, activationEvent: 'onAuthenticationRequest:github'
[2022-01-25 12:42:42.392] [exthost] [info] ExtensionService#_doActivateExtension vscode.emmet, startup: false, activationEvent: 'onStartupFinished'
[2022-01-25 12:42:42.397] [exthost] [info] ExtensionService#_doActivateExtension vscode.merge-conflict, startup: false, activationEvent: 'onStartupFinished'
[2022-01-25 12:42:42.399] [exthost] [info] ExtensionService#_doActivateExtension bradlc.vscode-tailwindcss, startup: false, activationEvent: 'onStartupFinished'
[2022-01-25 12:43:27.958] [exthost] [info] ExtensionService#_doActivateExtension vscode.configuration-editing, startup: false, activationEvent: 'onLanguage:jsonc'
[2022-01-25 12:43:27.962] [exthost] [info] ExtensionService#_doActivateExtension vscode.json-language-features, startup: false, activationEvent: 'onLanguage:jsonc'
[2022-01-25 12:43:27.979] [exthost] [info] ExtensionService#_doActivateExtension vscode.typescript-language-features, startup: false, activationEvent: 'onLanguage:jsonc'
[2022-01-25 12:48:19.994] [exthost] [info] ExtensionService#_doActivateExtension vscode.css-language-features, startup: false, activationEvent: 'onLanguage:css'
[2022-01-25 12:48:57.427] [exthost] [info] extension host terminating: renderer closed the socket
[2022-01-25 12:48:57.479] [exthost] [error] [svelte.svelte-vscode] provider FAILED
[2022-01-25 12:48:57.479] [exthost] [error] Error: Connection got disposed.
	at Object.dispose (/home/ykhi/.vscode/extensions/svelte.svelte-vscode-105.10.0/node_modules/vscode-jsonrpc/lib/common/connection.js:1044:27)
	at Object.dispose (/home/ykhi/.vscode/extensions/svelte.svelte-vscode-105.10.0/node_modules/vscode-languageclient/lib/common/client.js:73:35)
	at /home/ykhi/.vscode/extensions/svelte.svelte-vscode-105.10.0/node_modules/vscode-languageclient/lib/common/client.js:2320:28
[2022-01-25 12:48:57.480] [exthost] [info] Extension host with pid 16582 exiting with code 0
