0 verbose cli [
0 verbose cli   '/home/ykhi/.local/share/nvm/v17.4.0/bin/node',
0 verbose cli   '/home/ykhi/.local/share/nvm/v17.4.0/bin/npm',
0 verbose cli   'i',
0 verbose cli   '-g',
0 verbose cli   'obsidian-cli'
0 verbose cli ]
1 info using npm@8.3.1
2 info using node@v17.4.0
3 timing npm:load:whichnode Completed in 0ms
4 timing config:load:defaults Completed in 1ms
5 timing config:load:file:/home/ykhi/.local/share/nvm/v17.4.0/lib/node_modules/npm/npmrc Completed in 1ms
6 timing config:load:builtin Completed in 1ms
7 timing config:load:cli Completed in 1ms
8 timing config:load:env Completed in 1ms
9 timing config:load:project Completed in 2ms
10 timing config:load:file:/home/ykhi/.npmrc Completed in 1ms
11 timing config:load:user Completed in 1ms
12 timing config:load:file:/home/ykhi/.local/share/nvm/v17.4.0/etc/npmrc Completed in 0ms
13 timing config:load:global Completed in 0ms
14 timing config:load:validate Completed in 0ms
15 timing config:load:credentials Completed in 1ms
16 timing config:load:setEnvs Completed in 1ms
17 timing config:load Completed in 9ms
18 timing npm:load:configload Completed in 9ms
19 timing npm:load:setTitle Completed in 1ms
20 timing config:load:flatten Completed in 1ms
21 timing npm:load:display Completed in 3ms
22 verbose logfile /home/ykhi/.npm/_logs/2022-01-30T21_22_23_030Z-debug-0.log
23 timing npm:load:logFile Completed in 4ms
24 timing npm:load:timers Completed in 0ms
25 timing npm:load:configScope Completed in 0ms
26 timing npm:load Completed in 17ms
27 timing arborist:ctor Completed in 1ms
28 silly logfile start cleaning logs, removing 1 files
29 timing idealTree:init Completed in 6ms
30 timing idealTree:userRequests Completed in 2ms
31 silly idealTree buildDeps
32 silly fetch manifest obsidian-cli@*
33 http fetch GET 200 https://registry.npmjs.org/obsidian-cli 1316ms (cache miss)
34 silly placeDep ROOT obsidian-cli@0.5.1 OK for:  want: *
35 silly fetch manifest awilix@^4.2.7
36 silly fetch manifest axios@0.21.1
37 silly fetch manifest form-data@^3.0.0
38 silly fetch manifest glob@^7.1.6
39 silly fetch manifest minimist@^1.2.5
40 silly fetch manifest path@^0.12.7
41 silly fetch manifest uuid@^8.2.0
42 http fetch GET 200 https://registry.npmjs.org/path 65ms (cache miss)
43 http fetch GET 200 https://registry.npmjs.org/form-data 84ms (cache miss)
44 http fetch GET 200 https://registry.npmjs.org/minimist 89ms (cache revalidated)
45 http fetch GET 200 https://registry.npmjs.org/axios 92ms (cache miss)
46 http fetch GET 200 https://registry.npmjs.org/uuid 91ms (cache miss)
47 http fetch GET 200 https://registry.npmjs.org/glob 94ms (cache updated)
48 http fetch GET 200 https://registry.npmjs.org/awilix 760ms (cache miss)
49 timing idealTree:#root Completed in 2084ms
50 silly placeDep node_modules/obsidian-cli awilix@4.3.4 OK for: obsidian-cli@0.5.1 want: ^4.2.7
51 silly placeDep node_modules/obsidian-cli axios@0.21.1 OK for: obsidian-cli@0.5.1 want: 0.21.1
52 silly placeDep node_modules/obsidian-cli form-data@3.0.1 OK for: obsidian-cli@0.5.1 want: ^3.0.0
53 silly placeDep node_modules/obsidian-cli glob@7.2.0 OK for: obsidian-cli@0.5.1 want: ^7.1.6
54 silly placeDep node_modules/obsidian-cli minimist@1.2.5 OK for: obsidian-cli@0.5.1 want: ^1.2.5
55 silly placeDep node_modules/obsidian-cli path@0.12.7 OK for: obsidian-cli@0.5.1 want: ^0.12.7
56 silly placeDep node_modules/obsidian-cli uuid@8.3.2 OK for: obsidian-cli@0.5.1 want: ^8.2.0
57 silly fetch manifest camel-case@^4.1.2
58 silly fetch manifest follow-redirects@^1.10.0
59 silly fetch manifest asynckit@^0.4.0
60 silly fetch manifest combined-stream@^1.0.8
61 silly fetch manifest mime-types@^2.1.12
62 silly fetch manifest fs.realpath@^1.0.0
63 silly fetch manifest inflight@^1.0.4
64 silly fetch manifest inherits@2
65 silly fetch manifest minimatch@^3.0.4
66 silly fetch manifest once@^1.3.0
67 silly fetch manifest path-is-absolute@^1.0.0
68 silly fetch manifest process@^0.11.1
69 silly fetch manifest util@^0.10.3
70 http fetch GET 200 https://registry.npmjs.org/mime-types 49ms (cache miss)
71 http fetch GET 200 https://registry.npmjs.org/camel-case 51ms (cache miss)
72 http fetch GET 200 https://registry.npmjs.org/util 46ms (cache miss)
73 http fetch GET 200 https://registry.npmjs.org/combined-stream 51ms (cache miss)
74 http fetch GET 200 https://registry.npmjs.org/process 49ms (cache miss)
75 http fetch GET 200 https://registry.npmjs.org/follow-redirects 74ms (cache miss)
76 http fetch GET 200 https://registry.npmjs.org/inflight 76ms (cache revalidated)
77 http fetch GET 200 https://registry.npmjs.org/fs.realpath 84ms (cache revalidated)
78 http fetch GET 200 https://registry.npmjs.org/path-is-absolute 83ms (cache revalidated)
79 http fetch GET 200 https://registry.npmjs.org/once 85ms (cache revalidated)
80 http fetch GET 200 https://registry.npmjs.org/inherits 87ms (cache revalidated)
81 http fetch GET 200 https://registry.npmjs.org/minimatch 93ms (cache revalidated)
82 http fetch GET 200 https://registry.npmjs.org/asynckit 124ms (cache miss)
83 timing idealTree:node_modules/obsidian-cli Completed in 144ms
84 silly placeDep node_modules/obsidian-cli camel-case@4.1.2 OK for: awilix@4.3.4 want: ^4.1.2
85 silly fetch manifest pascal-case@^3.1.2
86 silly fetch manifest tslib@^2.0.3
87 http fetch GET 200 https://registry.npmjs.org/tslib 39ms (cache revalidated)
88 http fetch GET 200 https://registry.npmjs.org/pascal-case 42ms (cache revalidated)
89 timing idealTree:node_modules/obsidian-cli/node_modules/awilix Completed in 45ms
90 silly placeDep node_modules/obsidian-cli follow-redirects@1.14.7 OK for: axios@0.21.1 want: ^1.10.0
91 timing idealTree:node_modules/obsidian-cli/node_modules/axios Completed in 1ms
92 silly placeDep node_modules/obsidian-cli pascal-case@3.1.2 OK for: camel-case@4.1.2 want: ^3.1.2
93 silly placeDep node_modules/obsidian-cli tslib@2.3.1 OK for: camel-case@4.1.2 want: ^2.0.3
94 silly fetch manifest no-case@^3.0.4
95 http fetch GET 200 https://registry.npmjs.org/no-case 51ms (cache revalidated)
96 timing idealTree:node_modules/obsidian-cli/node_modules/camel-case Completed in 55ms
97 timing idealTree:node_modules/obsidian-cli/node_modules/follow-redirects Completed in 0ms
98 silly placeDep node_modules/obsidian-cli asynckit@0.4.0 OK for: form-data@3.0.1 want: ^0.4.0
99 silly placeDep node_modules/obsidian-cli combined-stream@1.0.8 OK for: form-data@3.0.1 want: ^1.0.8
100 silly placeDep node_modules/obsidian-cli mime-types@2.1.34 OK for: form-data@3.0.1 want: ^2.1.12
101 silly fetch manifest delayed-stream@~1.0.0
102 silly fetch manifest mime-db@1.51.0
103 http fetch GET 200 https://registry.npmjs.org/delayed-stream 37ms (cache miss)
104 http fetch GET 200 https://registry.npmjs.org/mime-db 39ms (cache miss)
105 timing idealTree:node_modules/obsidian-cli/node_modules/form-data Completed in 46ms
106 timing idealTree:node_modules/obsidian-cli/node_modules/asynckit Completed in 0ms
107 silly placeDep node_modules/obsidian-cli delayed-stream@1.0.0 OK for: combined-stream@1.0.8 want: ~1.0.0
108 timing idealTree:node_modules/obsidian-cli/node_modules/combined-stream Completed in 2ms
109 timing idealTree:node_modules/obsidian-cli/node_modules/delayed-stream Completed in 0ms
110 silly placeDep node_modules/obsidian-cli fs.realpath@1.0.0 OK for: glob@7.2.0 want: ^1.0.0
111 silly placeDep node_modules/obsidian-cli inflight@1.0.6 OK for: glob@7.2.0 want: ^1.0.4
112 silly placeDep node_modules/obsidian-cli inherits@2.0.4 OK for: glob@7.2.0 want: 2
113 silly placeDep node_modules/obsidian-cli minimatch@3.0.4 OK for: glob@7.2.0 want: ^3.0.4
114 silly placeDep node_modules/obsidian-cli once@1.4.0 OK for: glob@7.2.0 want: ^1.3.0
115 silly placeDep node_modules/obsidian-cli path-is-absolute@1.0.1 OK for: glob@7.2.0 want: ^1.0.0
116 silly fetch manifest wrappy@1
117 silly fetch manifest brace-expansion@^1.1.7
118 http fetch GET 200 https://registry.npmjs.org/wrappy 34ms (cache revalidated)
119 http fetch GET 200 https://registry.npmjs.org/brace-expansion 35ms (cache revalidated)
120 timing idealTree:node_modules/obsidian-cli/node_modules/glob Completed in 40ms
121 timing idealTree:node_modules/obsidian-cli/node_modules/fs.realpath Completed in 0ms
122 silly placeDep node_modules/obsidian-cli wrappy@1.0.2 OK for: inflight@1.0.6 want: 1
123 timing idealTree:node_modules/obsidian-cli/node_modules/inflight Completed in 3ms
124 timing idealTree:node_modules/obsidian-cli/node_modules/inherits Completed in 0ms
125 silly placeDep node_modules/obsidian-cli mime-db@1.51.0 OK for: mime-types@2.1.34 want: 1.51.0
126 timing idealTree:node_modules/obsidian-cli/node_modules/mime-types Completed in 1ms
127 timing idealTree:node_modules/obsidian-cli/node_modules/mime-db Completed in 0ms
128 silly placeDep node_modules/obsidian-cli brace-expansion@1.1.11 OK for: minimatch@3.0.4 want: ^1.1.7
129 silly fetch manifest balanced-match@^1.0.0
130 silly fetch manifest concat-map@0.0.1
131 http fetch GET 200 https://registry.npmjs.org/balanced-match 35ms (cache revalidated)
132 http fetch GET 200 https://registry.npmjs.org/concat-map 42ms (cache revalidated)
133 timing idealTree:node_modules/obsidian-cli/node_modules/minimatch Completed in 44ms
134 silly placeDep node_modules/obsidian-cli balanced-match@1.0.2 OK for: brace-expansion@1.1.11 want: ^1.0.0
135 silly placeDep node_modules/obsidian-cli concat-map@0.0.1 OK for: brace-expansion@1.1.11 want: 0.0.1
136 timing idealTree:node_modules/obsidian-cli/node_modules/brace-expansion Completed in 2ms
137 timing idealTree:node_modules/obsidian-cli/node_modules/balanced-match Completed in 0ms
138 timing idealTree:node_modules/obsidian-cli/node_modules/concat-map Completed in 0ms
139 timing idealTree:node_modules/obsidian-cli/node_modules/minimist Completed in 0ms
140 timing idealTree:node_modules/obsidian-cli/node_modules/once Completed in 0ms
141 silly placeDep node_modules/obsidian-cli no-case@3.0.4 OK for: pascal-case@3.1.2 want: ^3.0.4
142 silly fetch manifest lower-case@^2.0.2
143 http fetch GET 200 https://registry.npmjs.org/lower-case 37ms (cache revalidated)
144 timing idealTree:node_modules/obsidian-cli/node_modules/pascal-case Completed in 39ms
145 silly placeDep node_modules/obsidian-cli lower-case@2.0.2 OK for: no-case@3.0.4 want: ^2.0.2
146 timing idealTree:node_modules/obsidian-cli/node_modules/no-case Completed in 1ms
147 timing idealTree:node_modules/obsidian-cli/node_modules/lower-case Completed in 0ms
148 silly placeDep node_modules/obsidian-cli process@0.11.10 OK for: path@0.12.7 want: ^0.11.1
149 silly placeDep node_modules/obsidian-cli util@0.10.4 OK for: path@0.12.7 want: ^0.10.3
150 silly fetch manifest inherits@2.0.3
151 timing idealTree:node_modules/obsidian-cli/node_modules/path Completed in 2ms
152 timing idealTree:node_modules/obsidian-cli/node_modules/path-is-absolute Completed in 0ms
153 timing idealTree:node_modules/obsidian-cli/node_modules/process Completed in 0ms
154 timing idealTree:node_modules/obsidian-cli/node_modules/tslib Completed in 0ms
155 silly placeDep node_modules/obsidian-cli/node_modules/util inherits@2.0.3 OK for: util@0.10.4 want: 2.0.3
156 timing idealTree:node_modules/obsidian-cli/node_modules/util Completed in 2ms
157 timing idealTree:node_modules/obsidian-cli/node_modules/uuid Completed in 0ms
158 timing idealTree:node_modules/obsidian-cli/node_modules/wrappy Completed in 0ms
159 timing idealTree:node_modules/obsidian-cli/node_modules/util/node_modules/inherits Completed in 0ms
160 timing idealTree:buildDeps Completed in 2515ms
161 timing idealTree:fixDepFlags Completed in 1ms
162 timing idealTree Completed in 2525ms
163 timing reify:loadTrees Completed in 2527ms
164 timing reify:diffTrees Completed in 2ms
165 silly reify moves {}
166 timing reify:retireShallow Completed in 0ms
167 timing reify:createSparse Completed in 6ms
168 timing reify:loadBundles Completed in 0ms
169 silly audit bulk request {
169 silly audit   'obsidian-cli': [ '0.5.1' ],
169 silly audit   awilix: [ '4.3.4' ],
169 silly audit   axios: [ '0.21.1' ],
169 silly audit   'form-data': [ '3.0.1' ],
169 silly audit   glob: [ '7.2.0' ],
169 silly audit   minimist: [ '1.2.5' ],
169 silly audit   path: [ '0.12.7' ],
169 silly audit   uuid: [ '8.3.2' ],
169 silly audit   'camel-case': [ '4.1.2' ],
169 silly audit   'follow-redirects': [ '1.14.7' ],
169 silly audit   'pascal-case': [ '3.1.2' ],
169 silly audit   tslib: [ '2.3.1' ],
169 silly audit   asynckit: [ '0.4.0' ],
169 silly audit   'combined-stream': [ '1.0.8' ],
169 silly audit   'mime-types': [ '2.1.34' ],
169 silly audit   'delayed-stream': [ '1.0.0' ],
169 silly audit   'fs.realpath': [ '1.0.0' ],
169 silly audit   inflight: [ '1.0.6' ],
169 silly audit   inherits: [ '2.0.4', '2.0.3' ],
169 silly audit   minimatch: [ '3.0.4' ],
169 silly audit   once: [ '1.4.0' ],
169 silly audit   'path-is-absolute': [ '1.0.1' ],
169 silly audit   wrappy: [ '1.0.2' ],
169 silly audit   'mime-db': [ '1.51.0' ],
169 silly audit   'brace-expansion': [ '1.1.11' ],
169 silly audit   'balanced-match': [ '1.0.2' ],
169 silly audit   'concat-map': [ '0.0.1' ],
169 silly audit   'no-case': [ '3.0.4' ],
169 silly audit   'lower-case': [ '2.0.2' ],
169 silly audit   process: [ '0.11.10' ],
169 silly audit   util: [ '0.10.4' ]
169 silly audit }
170 silly tarball no local data for obsidian-cli@https://registry.npmjs.org/obsidian-cli/-/obsidian-cli-0.5.1.tgz. Extracting by manifest.
171 silly tarball no local data for util@https://registry.npmjs.org/util/-/util-0.10.4.tgz. Extracting by manifest.
172 silly tarball no local data for inherits@https://registry.npmjs.org/inherits/-/inherits-2.0.3.tgz. Extracting by manifest.
173 silly tarball no local data for process@https://registry.npmjs.org/process/-/process-0.11.10.tgz. Extracting by manifest.
174 silly tarball no local data for mime-db@https://registry.npmjs.org/mime-db/-/mime-db-1.51.0.tgz. Extracting by manifest.
175 silly tarball no local data for delayed-stream@https://registry.npmjs.org/delayed-stream/-/delayed-stream-1.0.0.tgz. Extracting by manifest.
176 silly tarball no local data for mime-types@https://registry.npmjs.org/mime-types/-/mime-types-2.1.34.tgz. Extracting by manifest.
177 silly tarball no local data for combined-stream@https://registry.npmjs.org/combined-stream/-/combined-stream-1.0.8.tgz. Extracting by manifest.
178 silly tarball no local data for asynckit@https://registry.npmjs.org/asynckit/-/asynckit-0.4.0.tgz. Extracting by manifest.
179 silly tarball no local data for follow-redirects@https://registry.npmjs.org/follow-redirects/-/follow-redirects-1.14.7.tgz. Extracting by manifest.
180 silly tarball no local data for camel-case@https://registry.npmjs.org/camel-case/-/camel-case-4.1.2.tgz. Extracting by manifest.
181 silly tarball no local data for path@https://registry.npmjs.org/path/-/path-0.12.7.tgz. Extracting by manifest.
182 silly tarball no local data for uuid@https://registry.npmjs.org/uuid/-/uuid-8.3.2.tgz. Extracting by manifest.
183 silly tarball no local data for form-data@https://registry.npmjs.org/form-data/-/form-data-3.0.1.tgz. Extracting by manifest.
184 silly tarball no local data for axios@https://registry.npmjs.org/axios/-/axios-0.21.1.tgz. Extracting by manifest.
185 silly tarball no local data for awilix@https://registry.npmjs.org/awilix/-/awilix-4.3.4.tgz. Extracting by manifest.
186 timing reifyNode:node_modules/obsidian-cli/node_modules/brace-expansion Completed in 172ms
187 timing reifyNode:node_modules/obsidian-cli/node_modules/wrappy Completed in 175ms
188 timing reifyNode:node_modules/obsidian-cli/node_modules/inflight Completed in 175ms
189 timing reifyNode:node_modules/obsidian-cli/node_modules/once Completed in 175ms
190 timing reifyNode:node_modules/obsidian-cli/node_modules/path-is-absolute Completed in 175ms
191 timing reifyNode:node_modules/obsidian-cli/node_modules/inherits Completed in 178ms
192 timing reifyNode:node_modules/obsidian-cli/node_modules/balanced-match Completed in 179ms
193 timing reifyNode:node_modules/obsidian-cli/node_modules/fs.realpath Completed in 179ms
194 timing reifyNode:node_modules/obsidian-cli/node_modules/minimatch Completed in 180ms
195 timing reifyNode:node_modules/obsidian-cli/node_modules/concat-map Completed in 191ms
196 timing reifyNode:node_modules/obsidian-cli/node_modules/glob Completed in 195ms
197 timing reifyNode:node_modules/obsidian-cli/node_modules/tslib Completed in 198ms
198 timing reifyNode:node_modules/obsidian-cli/node_modules/lower-case Completed in 205ms
199 http fetch GET 200 https://registry.npmjs.org/camel-case/-/camel-case-4.1.2.tgz 161ms (cache miss)
200 timing reifyNode:node_modules/obsidian-cli/node_modules/no-case Completed in 209ms
201 timing reifyNode:node_modules/obsidian-cli/node_modules/pascal-case Completed in 212ms
202 http fetch GET 200 https://registry.npmjs.org/combined-stream/-/combined-stream-1.0.8.tgz 179ms (cache miss)
203 timing reifyNode:node_modules/obsidian-cli/node_modules/combined-stream Completed in 216ms
204 timing reifyNode:node_modules/obsidian-cli/node_modules/camel-case Completed in 215ms
205 http fetch GET 200 https://registry.npmjs.org/delayed-stream/-/delayed-stream-1.0.0.tgz 188ms (cache miss)
206 timing reifyNode:node_modules/obsidian-cli/node_modules/delayed-stream Completed in 220ms
207 http fetch GET 200 https://registry.npmjs.org/mime-types/-/mime-types-2.1.34.tgz 187ms (cache miss)
208 timing reifyNode:node_modules/obsidian-cli/node_modules/mime-types Completed in 222ms
209 http fetch POST 200 https://registry.npmjs.org/-/npm/v1/security/advisories/bulk 229ms
210 timing auditReport:getReport Completed in 231ms
211 silly audit report {
211 silly audit report   axios: [
211 silly audit report     {
211 silly audit report       id: 1005018,
211 silly audit report       url: 'https://github.com/advisories/GHSA-cph5-m8f7-6c5x',
211 silly audit report       title: 'Incorrect Comparison in axios',
211 silly audit report       severity: 'high',
211 silly audit report       vulnerable_versions: '<=0.21.1'
211 silly audit report     }
211 silly audit report   ]
211 silly audit report }
212 timing metavuln:packument:axios Completed in 0ms
213 timing reifyNode:node_modules/obsidian-cli/node_modules/minimist Completed in 228ms
214 http fetch GET 200 https://registry.npmjs.org/inherits/-/inherits-2.0.3.tgz 211ms (cache miss)
215 timing reifyNode:node_modules/obsidian-cli/node_modules/util/node_modules/inherits Completed in 232ms
216 http fetch GET 200 https://registry.npmjs.org/util/-/util-0.10.4.tgz 219ms (cache miss)
217 timing reifyNode:node_modules/obsidian-cli/node_modules/util Completed in 237ms
218 timing metavuln:cache:get:security-advisory:axios:KuWx7zaJ7Mmlnb/iEV+dKH7GH4AD5OW/Ip4dcmPDp+RUuvyDM9mjv8g2xyZ1xf0u7QRVYpP1Btjz1ZNxvg5ETw== Completed in 9ms
219 timing metavuln:load:security-advisory:axios:1005018 Completed in 2ms
220 http fetch GET 200 https://registry.npmjs.org/path/-/path-0.12.7.tgz 193ms (cache miss)
221 timing reifyNode:node_modules/obsidian-cli/node_modules/path Completed in 242ms
222 http fetch GET 200 https://registry.npmjs.org/process/-/process-0.11.10.tgz 225ms (cache miss)
223 timing reifyNode:node_modules/obsidian-cli/node_modules/process Completed in 248ms
224 http fetch GET 200 https://registry.npmjs.org/follow-redirects/-/follow-redirects-1.14.7.tgz 208ms (cache miss)
225 timing reifyNode:node_modules/obsidian-cli/node_modules/follow-redirects Completed in 253ms
226 http fetch GET 200 https://registry.npmjs.org/form-data/-/form-data-3.0.1.tgz 203ms (cache miss)
227 timing reifyNode:node_modules/obsidian-cli/node_modules/form-data Completed in 262ms
228 http fetch GET 200 https://registry.npmjs.org/mime-db/-/mime-db-1.51.0.tgz 234ms (cache miss)
229 timing reifyNode:node_modules/obsidian-cli/node_modules/mime-db Completed in 264ms
230 timing metavuln:cache:put:security-advisory:axios:KuWx7zaJ7Mmlnb/iEV+dKH7GH4AD5OW/Ip4dcmPDp+RUuvyDM9mjv8g2xyZ1xf0u7QRVYpP1Btjz1ZNxvg5ETw== Completed in 26ms
231 timing metavuln:calculate:security-advisory:axios:1005018 Completed in 39ms
232 timing auditReport:init Completed in 40ms
233 timing reify:audit Completed in 272ms
234 http fetch GET 200 https://registry.npmjs.org/asynckit/-/asynckit-0.4.0.tgz 232ms (cache miss)
235 timing reifyNode:node_modules/obsidian-cli/node_modules/asynckit Completed in 270ms
236 http fetch GET 200 https://registry.npmjs.org/awilix/-/awilix-4.3.4.tgz 242ms (cache miss)
237 timing reifyNode:node_modules/obsidian-cli/node_modules/awilix Completed in 306ms
238 http fetch GET 200 https://registry.npmjs.org/axios/-/axios-0.21.1.tgz 247ms (cache miss)
239 timing reifyNode:node_modules/obsidian-cli/node_modules/axios Completed in 308ms
240 http fetch GET 200 https://registry.npmjs.org/uuid/-/uuid-8.3.2.tgz 260ms (cache miss)
241 timing reifyNode:node_modules/obsidian-cli/node_modules/uuid Completed in 311ms
242 http fetch GET 200 https://registry.npmjs.org/obsidian-cli/-/obsidian-cli-0.5.1.tgz 805ms (cache miss)
243 timing reifyNode:node_modules/obsidian-cli Completed in 822ms
244 timing reify:unpack Completed in 822ms
245 timing reify:unretire Completed in 0ms
246 timing build:queue Completed in 2ms
247 timing build:link:node_modules/obsidian-cli Completed in 1ms
248 timing build:link:node_modules/obsidian-cli/node_modules/uuid Completed in 2ms
249 timing build:link Completed in 2ms
250 timing build:deps Completed in 4ms
251 timing build Completed in 4ms
252 timing reify:build Completed in 4ms
253 timing reify:trash Completed in 0ms
254 timing reify Completed in 3377ms
255 silly ADD node_modules/obsidian-cli
256 silly ADD node_modules/obsidian-cli/node_modules/util
257 silly ADD node_modules/obsidian-cli/node_modules/util/node_modules/inherits
258 silly ADD node_modules/obsidian-cli/node_modules/process
259 silly ADD node_modules/obsidian-cli/node_modules/lower-case
260 silly ADD node_modules/obsidian-cli/node_modules/no-case
261 silly ADD node_modules/obsidian-cli/node_modules/concat-map
262 silly ADD node_modules/obsidian-cli/node_modules/balanced-match
263 silly ADD node_modules/obsidian-cli/node_modules/brace-expansion
264 silly ADD node_modules/obsidian-cli/node_modules/mime-db
265 silly ADD node_modules/obsidian-cli/node_modules/wrappy
266 silly ADD node_modules/obsidian-cli/node_modules/path-is-absolute
267 silly ADD node_modules/obsidian-cli/node_modules/once
268 silly ADD node_modules/obsidian-cli/node_modules/minimatch
269 silly ADD node_modules/obsidian-cli/node_modules/inherits
270 silly ADD node_modules/obsidian-cli/node_modules/inflight
271 silly ADD node_modules/obsidian-cli/node_modules/fs.realpath
272 silly ADD node_modules/obsidian-cli/node_modules/delayed-stream
273 silly ADD node_modules/obsidian-cli/node_modules/mime-types
274 silly ADD node_modules/obsidian-cli/node_modules/combined-stream
275 silly ADD node_modules/obsidian-cli/node_modules/asynckit
276 silly ADD node_modules/obsidian-cli/node_modules/tslib
277 silly ADD node_modules/obsidian-cli/node_modules/pascal-case
278 silly ADD node_modules/obsidian-cli/node_modules/follow-redirects
279 silly ADD node_modules/obsidian-cli/node_modules/camel-case
280 silly ADD node_modules/obsidian-cli/node_modules/uuid
281 silly ADD node_modules/obsidian-cli/node_modules/path
282 silly ADD node_modules/obsidian-cli/node_modules/minimist
283 silly ADD node_modules/obsidian-cli/node_modules/glob
284 silly ADD node_modules/obsidian-cli/node_modules/form-data
285 silly ADD node_modules/obsidian-cli/node_modules/axios
286 silly ADD node_modules/obsidian-cli/node_modules/awilix
287 timing command:i Completed in 3383ms
288 verbose exit 0
289 timing npm Completed in 3618ms
290 info ok
