0 verbose cli [
0 verbose cli   '/home/ykhi/.local/share/nvm/v17.4.0/bin/node',
0 verbose cli   '/home/ykhi/.local/share/nvm/v17.4.0/bin/npm',
0 verbose cli   'll',
0 verbose cli   '--g'
0 verbose cli ]
1 info using npm@8.3.1
2 info using node@v17.4.0
3 timing npm:load:whichnode Completed in 0ms
4 timing config:load:defaults Completed in 2ms
5 timing config:load:file:/home/ykhi/.local/share/nvm/v17.4.0/lib/node_modules/npm/npmrc Completed in 1ms
6 timing config:load:builtin Completed in 1ms
7 timing config:load:cli Completed in 1ms
8 timing config:load:env Completed in 1ms
9 timing config:load:project Completed in 2ms
10 timing config:load:file:/home/ykhi/.npmrc Completed in 1ms
11 timing config:load:user Completed in 1ms
12 timing config:load:file:/home/ykhi/.local/share/nvm/v17.4.0/etc/npmrc Completed in 0ms
13 timing config:load:global Completed in 0ms
14 timing config:load:validate Completed in 0ms
15 timing config:load:credentials Completed in 1ms
16 timing config:load:setEnvs Completed in 1ms
17 timing config:load Completed in 11ms
18 timing npm:load:configload Completed in 12ms
19 timing npm:load:setTitle Completed in 0ms
20 timing config:load:flatten Completed in 3ms
21 timing npm:load:display Completed in 4ms
22 verbose logfile /home/ykhi/.npm/_logs/2022-01-25T11_46_01_224Z-debug-0.log
23 timing npm:load:logFile Completed in 3ms
24 timing npm:load:timers Completed in 0ms
25 timing npm:load:configScope Completed in 0ms
26 timing npm:load Completed in 20ms
27 timing config:load:flatten Completed in 0ms
28 timing arborist:ctor Completed in 0ms
29 silly logfile start cleaning logs, removing 1 files
30 timing command:ll Completed in 249ms
31 verbose exit 0
32 timing npm Completed in 433ms
33 info ok
