2022-01-09 23:50:28 Loading main app package /tmp/.mount_ObsididJAuqG/resources/obsidian.asar
2022-01-09 23:50:29 Checking for update using Github
2022-01-09 23:50:36 Success.
2022-01-09 23:50:36 Latest version is 0.13.19
2022-01-09 23:50:36 App is up to date.
2022-01-09 23:53:45 Loading main app package /tmp/.mount_Obsidi2dHBon/resources/obsidian.asar
2022-01-09 23:53:46 Loading main app package /tmp/.mount_ObsidiFvKUTZ/resources/obsidian.asar
2022-01-09 23:53:46 Checking for update using Github
2022-01-09 23:53:46 Success.
2022-01-09 23:53:46 Latest version is 0.13.19
2022-01-09 23:53:46 App is up to date.
2022-01-09 23:53:46 Checking for update using Github
2022-01-10 07:37:50 Loading main app package /tmp/.mount_ObsidiMjOjGf/resources/obsidian.asar
2022-01-10 07:37:50 Checking for update using Github
2022-01-10 07:37:51 Failed to check for update using Github (net::ERR_INTERNET_DISCONNECTED)
2022-01-10 07:37:51 Checking for update using obsidian.md
2022-01-10 07:37:51 Failed to check for update using obsidian.md (net::ERR_INTERNET_DISCONNECTED)
2022-01-10 07:41:19 Loading main app package /tmp/.mount_Obsidi2edyGl/resources/obsidian.asar
2022-01-10 07:41:19 Checking for update using Github
2022-01-10 07:41:42 Loading main app package /tmp/.mount_ObsidinrnlsT/resources/obsidian.asar
2022-01-10 07:41:42 Checking for update using Github
2022-01-10 07:41:42 Success.
2022-01-10 07:41:42 Latest version is 0.13.19
2022-01-10 07:41:42 App is up to date.
2022-01-21 15:17:16 Loading main app package /tmp/.mount_Obsidi5FtWbh/resources/obsidian.asar
2022-01-21 15:17:16 Checking for update using Github
2022-01-21 15:17:16 Loading main app package /tmp/.mount_ObsidiKjkuad/resources/obsidian.asar
2022-01-21 15:17:16 Checking for update using Github
2022-01-21 15:17:17 Success.
2022-01-21 15:17:17 Latest version is 0.13.19
2022-01-21 15:17:17 App is up to date.
