[Info  - 13:36:39.98] Reading sessions from keychain...
[Info  - 13:36:39.124] Getting sessions for user:email...
[Info  - 13:36:39.124] Getting sessions for all scopes...
[Trace  - 13:36:39.125] Token acquired from secret storage.
[Info  - 13:36:39.125] Got stored sessions!
[Trace  - 13:36:39.125] Read the following session from the keychain with the following scopes: user:email
[Info  - 13:36:39.125] Got 1 verified sessions.
[Info  - 13:36:39.131] Got 1 sessions for user:email...
[Info  - 13:36:39.131] Got 1 sessions for all scopes...
[Info  - 14:04:58.21] Getting sessions for repo,workflow...
[Info  - 14:04:58.22] Got 0 sessions for repo,workflow...
[Info  - 14:04:59.750] Logging in for the following scopes: repo workflow
[Trace  - 14:05:09.585] Handling Uri...
[Info  - 14:05:09.585] Exchanging code for token...
[Info  - 14:05:10.680] Token exchange success!
[Info  - 14:05:10.680] Getting user info...
[Info  - 14:05:11.337] Got account info!
[Info  - 14:05:11.337] Storing 2 sessions...
[Info  - 14:05:11.360] Reading sessions from keychain...
[Info  - 14:05:11.360] Stored 2 sessions!
[Info  - 14:05:11.360] Login success!
[Trace  - 14:05:11.391] Token acquired from secret storage.
[Info  - 14:05:11.391] Got stored sessions!
[Trace  - 14:05:11.391] Read the following session from the keychain with the following scopes: user:email
[Trace  - 14:05:11.391] Read the following session from the keychain with the following scopes: repo,workflow
[Info  - 14:05:11.391] Got 2 verified sessions.
[Info  - 14:05:11.393] Getting sessions for user:email...
[Info  - 14:05:11.393] Got 1 sessions for user:email...
[Info  - 14:05:26.954] Getting sessions for repo,workflow...
[Info  - 14:05:26.954] Got 1 sessions for repo,workflow...
