[2022-01-21 15:07:36.695] [exthost] [info] Extension host with pid 22257 started
[2022-01-21 15:07:36.695] [exthost] [info] Skipping acquiring lock for /home/ykhi/.config/Code/User/workspaceStorage/2cb298b51a125bb95b28d13c4f8a6158.
[2022-01-21 15:07:36.744] [exthost] [info] ExtensionService#_doActivateExtension vscode.microsoft-authentication, startup: false, activationEvent: 'onAuthenticationRequest:microsoft'
[2022-01-21 15:07:36.752] [exthost] [info] ExtensionService#_doActivateExtension vscode.debug-auto-launch, startup: true, activationEvent: '*'
[2022-01-21 15:07:36.754] [exthost] [info] ExtensionService#_doActivateExtension vscode.git-base, startup: true, activationEvent: '*', root cause: vscode.github
[2022-01-21 15:07:36.756] [exthost] [info] ExtensionService#_doActivateExtension ecmel.vscode-html-css, startup: true, activationEvent: '*'
[2022-01-21 15:07:36.778] [exthost] [info] ExtensionService#_doActivateExtension vscode.npm, startup: true, activationEvent: 'workspaceContains:package.json'
[2022-01-21 15:07:36.809] [exthost] [info] ExtensionService#_doActivateExtension vscode.git, startup: true, activationEvent: '*'
[2022-01-21 15:07:36.828] [exthost] [info] ExtensionService#_doActivateExtension vscode.github, startup: true, activationEvent: '*'
[2022-01-21 15:07:36.870] [exthost] [info] Eager extensions activated
[2022-01-21 15:07:36.906] [exthost] [info] ExtensionService#_doActivateExtension vscode.github-authentication, startup: false, activationEvent: 'onAuthenticationRequest:github'
[2022-01-21 15:07:36.913] [exthost] [info] ExtensionService#_doActivateExtension vscode.emmet, startup: false, activationEvent: 'onStartupFinished'
[2022-01-21 15:07:36.917] [exthost] [info] ExtensionService#_doActivateExtension vscode.merge-conflict, startup: false, activationEvent: 'onStartupFinished'
[2022-01-21 15:07:36.919] [exthost] [info] ExtensionService#_doActivateExtension bradlc.vscode-tailwindcss, startup: false, activationEvent: 'onStartupFinished'
[2022-01-21 15:07:37.818] [exthost] [info] ExtensionService#_doActivateExtension vscode.configuration-editing, startup: false, activationEvent: 'onLanguage:jsonc'
[2022-01-21 15:07:37.823] [exthost] [info] ExtensionService#_doActivateExtension vscode.json-language-features, startup: false, activationEvent: 'onLanguage:jsonc'
[2022-01-21 15:07:37.843] [exthost] [info] ExtensionService#_doActivateExtension vscode.typescript-language-features, startup: false, activationEvent: 'onLanguage:jsonc'
[2022-01-21 15:13:32.914] [exthost] [info] ExtensionService#_doActivateExtension svelte.svelte-vscode, startup: false, activationEvent: 'onLanguage:svelte'
[2022-01-21 15:19:28.606] [exthost] [info] ExtensionService#_doActivateExtension vscode.css-language-features, startup: false, activationEvent: 'onLanguage:css'
[2022-01-21 15:27:05.968] [exthost] [info] ExtensionService#_doActivateExtension vscode.extension-editing, startup: false, activationEvent: 'onLanguage:json'
[2022-01-21 15:27:12.826] [exthost] [error] [vscode.json-language-features] provider FAILED
[2022-01-21 15:27:12.828] [exthost] [error] Canceled: Canceled
	at b.makeCancelError (/snap/code/85/usr/share/code/resources/app/extensions/json-language-features/client/dist/node/jsonClientMain.js:1:492472)
	at b.handleFailedRequest (/snap/code/85/usr/share/code/resources/app/extensions/json-language-features/client/dist/node/jsonClientMain.js:1:492323)
	at /snap/code/85/usr/share/code/resources/app/extensions/json-language-features/client/dist/node/jsonClientMain.js:1:452538
	at async o.provideHover (/snap/code/85/usr/share/code/resources/app/out/vs/workbench/services/extensions/node/extensionHostProcess.js:95:90908)
[2022-01-21 15:27:12.828] [exthost] [error] [vscode.json-language-features] provider FAILED
[2022-01-21 15:27:12.828] [exthost] [error] Canceled: Canceled
	at b.makeCancelError (/snap/code/85/usr/share/code/resources/app/extensions/json-language-features/client/dist/node/jsonClientMain.js:1:492472)
	at b.handleFailedRequest (/snap/code/85/usr/share/code/resources/app/extensions/json-language-features/client/dist/node/jsonClientMain.js:1:492323)
	at /snap/code/85/usr/share/code/resources/app/extensions/json-language-features/client/dist/node/jsonClientMain.js:1:452538
	at async o.provideHover (/snap/code/85/usr/share/code/resources/app/out/vs/workbench/services/extensions/node/extensionHostProcess.js:95:90908)
[2022-01-21 15:32:19.621] [exthost] [info] ExtensionService#_doActivateExtension vscode.markdown-language-features, startup: false, activationEvent: 'onLanguage:markdown'
[2022-01-21 15:32:19.856] [exthost] [info] ExtensionService#_doActivateExtension vscode.markdown-math, startup: false, activationEvent: 'api', root cause: vscode.markdown-language-features
[2022-01-21 16:14:23.224] [exthost] [info] extension host terminating: renderer closed the socket
[2022-01-21 16:14:23.258] [exthost] [info] Extension host with pid 22257 exiting with code 0
