Initialize language server at  file:///home/ykhi/projects/noodlecount
Initialize new ts service at  /home/ykhi/projects/noodlecount/tsconfig.json
Trying to load configs for /home/ykhi/projects/noodlecount
Loaded config at  /home/ykhi/projects/noodlecount/svelte.config.js
SnapshotManager File Statistics:
Project files: 29
Svelte files: 15
From node_modules: 0
Total: 29
Using Svelte v3.46.2 from /home/ykhi/projects/noodlecount/node_modules/svelte/compiler
Using Svelte v3.46.2 from /home/ykhi/projects/noodlecount/node_modules/svelte/compiler
Using Prettier v2.5.1 from /home/ykhi/projects/noodlecount/node_modules/prettier
Using Prettier v2.5.1 from /home/ykhi/projects/noodlecount/node_modules/prettier
Using Svelte v3.46.2 from /home/ykhi/projects/noodlecount/node_modules/svelte/compiler
Using Svelte v3.46.2 from /home/ykhi/projects/noodlecount/node_modules/svelte/compiler
Using Svelte v3.46.2 from /home/ykhi/projects/noodlecount/node_modules/svelte/compiler
Using Svelte v3.46.2 from /home/ykhi/projects/noodlecount/node_modules/svelte/compiler
Using Svelte v3.46.2 from /home/ykhi/projects/noodlecount/node_modules/svelte/compiler
Using Svelte v3.46.2 from /home/ykhi/projects/noodlecount/node_modules/svelte/compiler
Using Svelte v3.46.2 from /home/ykhi/projects/noodlecount/node_modules/svelte/compiler
Using Svelte v3.46.2 from /home/ykhi/projects/noodlecount/node_modules/svelte/compiler
Using Svelte v3.46.2 from /home/ykhi/projects/noodlecount/node_modules/svelte/compiler
Using Svelte v3.46.2 from /home/ykhi/projects/noodlecount/node_modules/svelte/compiler
Using Svelte v3.46.2 from /home/ykhi/projects/noodlecount/node_modules/svelte/compiler
Using Svelte v3.46.2 from /home/ykhi/projects/noodlecount/node_modules/svelte/compiler
Using Svelte v3.46.2 from /home/ykhi/projects/noodlecount/node_modules/svelte/compiler
Using Svelte v3.46.2 from /home/ykhi/projects/noodlecount/node_modules/svelte/compiler
Using Svelte v3.46.2 from /home/ykhi/projects/noodlecount/node_modules/svelte/compiler
Using Svelte v3.46.2 from /home/ykhi/projects/noodlecount/node_modules/svelte/compiler
Using Svelte v3.46.2 from /home/ykhi/projects/noodlecount/node_modules/svelte/compiler
Using Svelte v3.46.2 from /home/ykhi/projects/noodlecount/node_modules/svelte/compiler
Using Svelte v3.46.2 from /home/ykhi/projects/noodlecount/node_modules/svelte/compiler
Using Svelte v3.46.2 from /home/ykhi/projects/noodlecount/node_modules/svelte/compiler
Using Svelte v3.46.2 from /home/ykhi/projects/noodlecount/node_modules/svelte/compiler
Using Svelte v3.46.2 from /home/ykhi/projects/noodlecount/node_modules/svelte/compiler
Using Svelte v3.46.2 from /home/ykhi/projects/noodlecount/node_modules/svelte/compiler
Using Svelte v3.46.2 from /home/ykhi/projects/noodlecount/node_modules/svelte/compiler
Using Prettier v2.5.1 from /home/ykhi/projects/noodlecount/node_modules/prettier
Using Svelte v3.46.2 from /home/ykhi/projects/noodlecount/node_modules/svelte/compiler
Using Svelte v3.46.2 from /home/ykhi/projects/noodlecount/node_modules/svelte/compiler
Using Svelte v3.46.2 from /home/ykhi/projects/noodlecount/node_modules/svelte/compiler
Using Svelte v3.46.2 from /home/ykhi/projects/noodlecount/node_modules/svelte/compiler
Using Svelte v3.46.2 from /home/ykhi/projects/noodlecount/node_modules/svelte/compiler
Using Svelte v3.46.2 from /home/ykhi/projects/noodlecount/node_modules/svelte/compiler
Using Prettier v2.5.1 from /home/ykhi/projects/noodlecount/node_modules/prettier
Using Svelte v3.46.2 from /home/ykhi/projects/noodlecount/node_modules/svelte/compiler
Using Svelte v3.46.2 from /home/ykhi/projects/noodlecount/node_modules/svelte/compiler
SnapshotManager File Statistics:
Project files: 30
Svelte files: 15
From node_modules: 198
Total: 229
SnapshotManager File Statistics:
Project files: 25
Svelte files: 15
From node_modules: 198
Total: 224
Using Prettier v2.5.1 from /home/ykhi/projects/noodlecount/node_modules/prettier
Using Svelte v3.46.2 from /home/ykhi/projects/noodlecount/node_modules/svelte/compiler
Using Svelte v3.46.2 from /home/ykhi/projects/noodlecount/node_modules/svelte/compiler
Using Svelte v3.46.2 from /home/ykhi/projects/noodlecount/node_modules/svelte/compiler
Using Svelte v3.46.2 from /home/ykhi/projects/noodlecount/node_modules/svelte/compiler
Using Prettier v2.5.1 from /home/ykhi/projects/noodlecount/node_modules/prettier
Using Prettier v2.5.1 from /home/ykhi/projects/noodlecount/node_modules/prettier
Using Svelte v3.46.2 from /home/ykhi/projects/noodlecount/node_modules/svelte/compiler
Using Svelte v3.46.2 from /home/ykhi/projects/noodlecount/node_modules/svelte/compiler
Using Prettier v2.5.1 from /home/ykhi/projects/noodlecount/node_modules/prettier
Using Svelte v3.46.2 from /home/ykhi/projects/noodlecount/node_modules/svelte/compiler
Using Svelte v3.46.2 from /home/ykhi/projects/noodlecount/node_modules/svelte/compiler
Using Svelte v3.46.2 from /home/ykhi/projects/noodlecount/node_modules/svelte/compiler
Using Svelte v3.46.2 from /home/ykhi/projects/noodlecount/node_modules/svelte/compiler
Using Svelte v3.46.2 from /home/ykhi/projects/noodlecount/node_modules/svelte/compiler
Using Svelte v3.46.2 from /home/ykhi/projects/noodlecount/node_modules/svelte/compiler
Using Prettier v2.5.1 from /home/ykhi/projects/noodlecount/node_modules/prettier
Using Svelte v3.46.2 from /home/ykhi/projects/noodlecount/node_modules/svelte/compiler
Using Svelte v3.46.2 from /home/ykhi/projects/noodlecount/node_modules/svelte/compiler
Using Prettier v2.5.1 from /home/ykhi/projects/noodlecount/node_modules/prettier
Using Svelte v3.46.2 from /home/ykhi/projects/noodlecount/node_modules/svelte/compiler
Using Svelte v3.46.2 from /home/ykhi/projects/noodlecount/node_modules/svelte/compiler
SnapshotManager File Statistics:
Project files: 25
Svelte files: 15
From node_modules: 198
Total: 224
Using Prettier v2.5.1 from /home/ykhi/projects/noodlecount/node_modules/prettier
Using Svelte v3.46.2 from /home/ykhi/projects/noodlecount/node_modules/svelte/compiler
Using Svelte v3.46.2 from /home/ykhi/projects/noodlecount/node_modules/svelte/compiler
Using Prettier v2.5.1 from /home/ykhi/projects/noodlecount/node_modules/prettier
Using Svelte v3.46.2 from /home/ykhi/projects/noodlecount/node_modules/svelte/compiler
Using Svelte v3.46.2 from /home/ykhi/projects/noodlecount/node_modules/svelte/compiler
Using Prettier v2.5.1 from /home/ykhi/projects/noodlecount/node_modules/prettier
Using Prettier v2.5.1 from /home/ykhi/projects/noodlecount/node_modules/prettier
Using Svelte v3.46.2 from /home/ykhi/projects/noodlecount/node_modules/svelte/compiler
Using Svelte v3.46.2 from /home/ykhi/projects/noodlecount/node_modules/svelte/compiler
SnapshotManager File Statistics:
Project files: 25
Svelte files: 15
From node_modules: 198
Total: 224
Initialize new ts service at  
Trying to load configs for 
Loaded config at  svelte.config.js
Using Svelte v3.46.2 from /home/ykhi/projects/noodlecount/node_modules/svelte/compiler
Using Svelte v3.46.2 from /home/ykhi/projects/noodlecount/node_modules/svelte/compiler
Using Prettier v2.5.1 from /home/ykhi/projects/noodlecount/node_modules/prettier
Using Svelte v3.46.2 from /home/ykhi/projects/noodlecount/node_modules/svelte/compiler
Using Svelte v3.46.2 from /home/ykhi/projects/noodlecount/node_modules/svelte/compiler
Using Svelte v3.46.2 from /home/ykhi/projects/noodlecount/node_modules/svelte/compiler
SnapshotManager File Statistics:
Project files: 25
Svelte files: 15
From node_modules: 198
Total: 224
Using Svelte v3.46.2 from /home/ykhi/projects/noodlecount/node_modules/svelte/compiler
Using Prettier v2.5.1 from /home/ykhi/projects/noodlecount/node_modules/prettier
SnapshotManager File Statistics:
Project files: 25
Svelte files: 15
From node_modules: 199
Total: 225
