Initialize language server at  file:///home/ykhi/projects/noodlecount
Initialize new ts service at  /home/ykhi/projects/noodlecount/tsconfig.json
Trying to load configs for /home/ykhi/projects/noodlecount
Loaded config at  /home/ykhi/projects/noodlecount/svelte.config.mjs
SnapshotManager File Statistics:
Project files: 25
Svelte files: 15
From node_modules: 0
Total: 25
Using Svelte v3.46.2 from /home/ykhi/projects/noodlecount/node_modules/svelte/compiler
Using Svelte v3.46.2 from /home/ykhi/projects/noodlecount/node_modules/svelte/compiler
Using Svelte v3.46.2 from /home/ykhi/projects/noodlecount/node_modules/svelte/compiler
Using Svelte v3.46.2 from /home/ykhi/projects/noodlecount/node_modules/svelte/compiler
Using Svelte v3.46.2 from /home/ykhi/projects/noodlecount/node_modules/svelte/compiler
SnapshotManager File Statistics:
Project files: 25
Svelte files: 15
From node_modules: 198
Total: 223
Using Svelte v3.46.2 from /home/ykhi/projects/noodlecount/node_modules/svelte/compiler
Using Svelte v3.46.2 from /home/ykhi/projects/noodlecount/node_modules/svelte/compiler
Using Svelte v3.46.2 from /home/ykhi/projects/noodlecount/node_modules/svelte/compiler
Using Prettier v2.5.1 from /home/ykhi/projects/noodlecount/node_modules/prettier
Using Svelte v3.46.2 from /home/ykhi/projects/noodlecount/node_modules/svelte/compiler
SnapshotManager File Statistics:
Project files: 25
Svelte files: 15
From node_modules: 198
Total: 224
Using Svelte v3.46.2 from /home/ykhi/projects/noodlecount/node_modules/svelte/compiler
Using Svelte v3.46.2 from /home/ykhi/projects/noodlecount/node_modules/svelte/compiler
Using Svelte v3.46.2 from /home/ykhi/projects/noodlecount/node_modules/svelte/compiler
Using Prettier v2.5.1 from /home/ykhi/projects/noodlecount/node_modules/prettier
Using Svelte v3.46.2 from /home/ykhi/projects/noodlecount/node_modules/svelte/compiler
Using Svelte v3.46.2 from /home/ykhi/projects/noodlecount/node_modules/svelte/compiler
Using Prettier v2.5.1 from /home/ykhi/projects/noodlecount/node_modules/prettier
Using Svelte v3.46.2 from /home/ykhi/projects/noodlecount/node_modules/svelte/compiler
Using Svelte v3.46.2 from /home/ykhi/projects/noodlecount/node_modules/svelte/compiler
Using Svelte v3.46.2 from /home/ykhi/projects/noodlecount/node_modules/svelte/compiler
Using Svelte v3.46.2 from /home/ykhi/projects/noodlecount/node_modules/svelte/compiler
Using Svelte v3.46.2 from /home/ykhi/projects/noodlecount/node_modules/svelte/compiler
Using Svelte v3.46.2 from /home/ykhi/projects/noodlecount/node_modules/svelte/compiler
Using Svelte v3.46.2 from /home/ykhi/projects/noodlecount/node_modules/svelte/compiler
Using Svelte v3.46.2 from /home/ykhi/projects/noodlecount/node_modules/svelte/compiler
